<?xml version="1.0" encoding="UTF-8"?>
<!-- Generated by org.testng.reporters.JUnitXMLReporter -->
<testsuite ignored="0" hostname="DESKTOP-LH10UEI" failures="0" tests="4" name="chrometest" time="31.785" errors="0" timestamp="2024-04-09T16:26:25 IST">
  <testcase classname="apr5.Crossbrowsertesting" name="verifylogin" time="7.742"/>
  <testcase classname="apr5.Crossbrowsertesting" name="verifylogin" time="3.615"/>
  <testcase classname="apr5.Crossbrowsertesting" name="verifylogin" time="2.892"/>
  <testcase classname="apr5.Crossbrowsertesting" name="verifylogin" time="3.132"/>
</testsuite> <!-- chrometest -->
