<?xml version="1.0" encoding="UTF-8"?>
<!-- Generated by org.testng.reporters.JUnitXMLReporter -->
<testsuite ignored="0" hostname="DESKTOP-LH10UEI" failures="0" tests="4" name="firefoxtest" time="36.595" errors="0" timestamp="2024-04-09T16:27:02 IST">
  <testcase classname="apr5.Crossbrowsertesting" name="verifylogin" time="7.463"/>
  <testcase classname="apr5.Crossbrowsertesting" name="verifylogin" time="2.487"/>
  <testcase classname="apr5.Crossbrowsertesting" name="verifylogin" time="2.825"/>
  <testcase classname="apr5.Crossbrowsertesting" name="verifylogin" time="2.812"/>
</testsuite> <!-- firefoxtest -->
