<?xml version="1.0" encoding="UTF-8"?>
<!-- Generated by org.testng.reporters.JUnitXMLReporter -->
<testsuite ignored="0" hostname="DESKTOP-LH10UEI" failures="0" tests="3" name="Test1" time="56.453" errors="0" timestamp="2024-04-05T17:57:59 IST">
  <testcase classname="apr3.Ornghrmbefmtdaftmtd" name="pim" time="1.98"/>
  <testcase classname="apr3.Ornghrmbefmtdaftmtd" name="leave" time="1.022"/>
  <testcase classname="apr3.Ornghrmbefmtdaftmtd" name="admin" time="1.706"/>
</testsuite> <!-- Test1 -->
