<?xml version="1.0" encoding="UTF-8"?>
<!-- Generated by org.testng.reporters.JUnitXMLReporter -->
<testsuite ignored="2" hostname="DESKTOP-LH10UEI" failures="0" tests="1" name="Test1(failed)" time="17.887" errors="0" timestamp="2024-04-05T17:46:48 IST">
  <testcase classname="apr3.Ornghrmbefmtdaftmtd" name="pim" time="1.613"/>
  <testcase classname="apr3.Ornghrmbefmtdaftmtd" name="admin" time="0.0">
    <ignored/>
  </testcase> <!-- admin -->
  <testcase classname="apr3.Ornghrmbefmtdaftmtd" name="leave" time="0.0">
    <ignored/>
  </testcase> <!-- leave -->
</testsuite> <!-- Test1(failed) -->
