<?xml version="1.0" encoding="UTF-8"?>
<testng-results ignored="0" total="1" passed="1" failed="0" skipped="0">
  <reporter-output>
    <line>
      <![CDATA[title is not matching expected [false] but found [true]]]>
    </line>
  </reporter-output>
  <suite started-at="2024-04-09T17:20:49 IST" name="Default suite" finished-at="2024-04-09T17:21:02 IST" duration-ms="13144">
    <groups>
    </groups>
    <test started-at="2024-04-09T17:20:49 IST" name="Default test" finished-at="2024-04-09T17:21:02 IST" duration-ms="13144">
      <class name="apr5.Verifytitle">
        <test-method signature="starttest()[pri:0, instance:apr5.Verifytitle@2d901eb0]" started-at="2024-04-09T17:20:49 IST" name="starttest" finished-at="2024-04-09T17:21:02 IST" duration-ms="12921" status="PASS">
          <reporter-output>
            <line>
              <![CDATA[title is not matching expected [false] but found [true]]]>
            </line>
          </reporter-output>
        </test-method> <!-- starttest -->
      </class> <!-- apr5.Verifytitle -->
    </test> <!-- Default test -->
  </suite> <!-- Default suite -->
</testng-results>
