<?xml version="1.0" encoding="UTF-8"?>
<!-- Generated by org.testng.reporters.JUnitXMLReporter -->
<testsuite ignored="0" hostname="DESKTOP-LH10UEI" failures="0" tests="3" name="Test1" time="38.251" errors="0" timestamp="2024-04-06T16:22:02 IST">
  <testcase classname="apr3.Ornghrmbefmtdaftmtd" name="pim" time="1.632"/>
  <testcase classname="apr3.Ornghrmbefmtdaftmtd" name="leave" time="1.304"/>
  <testcase classname="apr3.Ornghrmbefmtdaftmtd" name="admin" time="1.273"/>
</testsuite> <!-- Test1 -->
