<?xml version="1.0" encoding="UTF-8"?>
<!-- Generated by org.testng.reporters.JUnitXMLReporter -->
<testsuite ignored="0" hostname="DESKTOP-LH10UEI" failures="0" tests="3" name="Test" time="14.105" errors="0" timestamp="2024-04-06T16:21:23 IST">
  <testcase classname="apr3.PrimusPersnolbnkng" name="cbanking" time="0.754"/>
  <testcase classname="apr3.PrimusPersnolbnkng" name="ibanking" time="0.641"/>
  <testcase classname="apr3.PrimusPersnolbnkng" name="pbanking" time="0.777"/>
</testsuite> <!-- Test -->
